Running /home/dchordia/final_awscrt_upstream/deps/s2n-tls/tests/unit/s2n_self_talk_tls13_test.c ... PASSED   21487008 tests
Running /home/dchordia/final_awscrt_upstream/deps/s2n-tls/tests/unit/s2n_self_talk_min_protocol_version_test.c ... PASSED         33 tests
Running /home/dchordia/final_awscrt_upstream/deps/s2n-tls/tests/unit/s2n_early_data_test.c ... PASSED        598 tests
Running /home/dchordia/final_awscrt_upstream/deps/s2n-tls/tests/unit/s2n_self_talk_key_log_test.c ... PASSED         65 tests
Running /home/dchordia/final_awscrt_upstream/deps/s2n-tls/tests/unit/s2n_client_psk_extension_test.c ... PASSED        999 tests
Running /home/dchordia/final_awscrt_upstream/deps/s2n-tls/tests/unit/s2n_ktls_test.c ... PASSED          8 tests
Running /home/dchordia/final_awscrt_upstream/deps/s2n-tls/tests/unit/s2n_protocol_preferences_test.c ... PASSED        117 tests
Running /home/dchordia/final_awscrt_upstream/deps/s2n-tls/tests/unit/s2n_rfc5952_test.c ... PASSED         37 tests
Running /home/dchordia/final_awscrt_upstream/deps/s2n-tls/tests/unit/s2n_extension_type_lists_test.c ... PASSED         31 tests
Running /home/dchordia/final_awscrt_upstream/deps/s2n-tls/tests/unit/s2n_certificate_extensions_test.c ... PASSED         96 tests
Running /home/dchordia/final_awscrt_upstream/deps/s2n-tls/tests/unit/s2n_client_hello_request_test.c ... PASSED        209 tests
Running /home/dchordia/final_awscrt_upstream/deps/s2n-tls/tests/unit/s2n_kem_test.c ... PASSED        329 tests
Running /home/dchordia/final_awscrt_upstream/deps/s2n-tls/tests/unit/s2n_early_data_io_api_test.c ... PASSED        809 tests
Running /home/dchordia/final_awscrt_upstream/deps/s2n-tls/tests/unit/s2n_utils_test.c ... PASSED          6 tests
Running /home/dchordia/final_awscrt_upstream/deps/s2n-tls/tests/unit/s2n_shutdown_test.c ... PASSED        585 tests
Running /home/dchordia/final_awscrt_upstream/deps/s2n-tls/tests/unit/s2n_tls13_pure_pq_shared_secret_test.c ... PASSED          9 tests
Running /home/dchordia/final_awscrt_upstream/deps/s2n-tls/tests/unit/s2n_x509_validator_test.c ... PASSED        648 tests
Running /home/dchordia/final_awscrt_upstream/deps/s2n-tls/tests/unit/s2n_rc4_test.c ... PASSED         16 tests
Running /home/dchordia/final_awscrt_upstream/deps/s2n-tls/tests/unit/s2n_tls13_pq_handshake_test.c ... PASSED         83 tests
Running /home/dchordia/final_awscrt_upstream/deps/s2n-tls/tests/unit/s2n_connection_blinding_test.c ... PASSED         26 tests
Running /home/dchordia/final_awscrt_upstream/deps/s2n-tls/tests/unit/s2n_self_talk_alerts_test.c ... PASSED   21487704 tests
Running /home/dchordia/final_awscrt_upstream/deps/s2n-tls/tests/unit/s2n_security_rules_test.c ... PASSED         54 tests
Running /home/dchordia/final_awscrt_upstream/deps/s2n-tls/tests/unit/s2n_testlib_test.c ... PASSED         32 tests
Running /home/dchordia/final_awscrt_upstream/deps/s2n-tls/tests/unit/s2n_resume_test.c ... PASSED        751 tests
Running /home/dchordia/final_awscrt_upstream/deps/s2n-tls/tests/unit/s2n_handshake_misc_test.c ... PASSED         24 tests
Running /home/dchordia/final_awscrt_upstream/deps/s2n-tls/tests/unit/s2n_ecc_preferences_test.c ... PASSED        511 tests
Running /home/dchordia/final_awscrt_upstream/deps/s2n-tls/tests/unit/s2n_rsa_pss_test.c ... PASSED        131 tests
Running /home/dchordia/final_awscrt_upstream/deps/s2n-tls/tests/unit/s2n_prf_key_material_test.c ... PASSED     258684 tests
Running /home/dchordia/final_awscrt_upstream/deps/s2n-tls/tests/unit/s2n_cookie_test.c ... PASSED       3002 tests
Running /home/dchordia/final_awscrt_upstream/deps/s2n-tls/tests/unit/s2n_x509_validator_time_verification_test.c ... PASSED        245 tests
Running /home/dchordia/final_awscrt_upstream/deps/s2n-tls/tests/unit/s2n_tls13_keys_test.c ... PASSED          6 tests
Running /home/dchordia/final_awscrt_upstream/deps/s2n-tls/tests/unit/s2n_drain_alert_test.c ... PASSED         24 tests
Running /home/dchordia/final_awscrt_upstream/deps/s2n-tls/tests/unit/s2n_hmac_test.c ... PASSED        464 tests
Running /home/dchordia/final_awscrt_upstream/deps/s2n-tls/tests/unit/s2n_3des_test.c ... PASSED     153695 tests
Running /home/dchordia/final_awscrt_upstream/deps/s2n-tls/tests/unit/s2n_client_supported_groups_extension_test.c ... PASSED        277 tests
Running /home/dchordia/final_awscrt_upstream/deps/s2n-tls/tests/unit/s2n_async_pkey_test.c ... PASSED        434 tests
Running /home/dchordia/final_awscrt_upstream/deps/s2n-tls/tests/unit/s2n_handshake_io_async_test.c ... PASSED        120 tests
Running /home/dchordia/final_awscrt_upstream/deps/s2n-tls/tests/unit/s2n_post_handshake_test.c ... PASSED        175 tests
Running /home/dchordia/final_awscrt_upstream/deps/s2n-tls/tests/unit/s2n_change_cipher_spec_test.c ... PASSED         75 tests
Running /home/dchordia/final_awscrt_upstream/deps/s2n-tls/tests/unit/s2n_hash_all_algs_test.c ... PASSED         45 tests
Running /home/dchordia/final_awscrt_upstream/deps/s2n-tls/tests/unit/s2n_pkey_signing_test.c ... PASSED         82 tests
Running /home/dchordia/final_awscrt_upstream/deps/s2n-tls/tests/unit/s2n_aead_chacha20_poly1305_test.c ... PASSED   15877410 tests
Running /home/dchordia/final_awscrt_upstream/deps/s2n-tls/tests/unit/s2n_drbg_test.c ... PASSED    1000093 tests
Running /home/dchordia/final_awscrt_upstream/deps/s2n-tls/tests/unit/s2n_client_cert_request_context_test.c ... PASSED         41 tests
Running /home/dchordia/final_awscrt_upstream/deps/s2n-tls/tests/unit/s2n_stacktrace_test.c ... PASSED          2 tests
Running /home/dchordia/final_awscrt_upstream/deps/s2n-tls/tests/unit/s2n_tls13_handshake_early_data_test.c ... PASSED         40 tests
Running /home/dchordia/final_awscrt_upstream/deps/s2n-tls/tests/unit/s2n_handshake_invariant_test.c ... PASSED          6 tests
Running /home/dchordia/final_awscrt_upstream/deps/s2n-tls/tests/unit/s2n_server_renegotiation_info_test.c ... PASSED        134 tests
Running /home/dchordia/final_awscrt_upstream/deps/s2n-tls/tests/unit/s2n_client_cert_verify_test.c ... PASSED        115 tests
Running /home/dchordia/final_awscrt_upstream/deps/s2n-tls/tests/unit/s2n_handshake_test.c ... PASSED       2946 tests
Running /home/dchordia/final_awscrt_upstream/deps/s2n-tls/tests/unit/s2n_blob_test.c ... PASSED         46 tests
Running /home/dchordia/final_awscrt_upstream/deps/s2n-tls/tests/unit/s2n_kex_test.c ... PASSED         45 tests
Running /home/dchordia/final_awscrt_upstream/deps/s2n-tls/tests/unit/s2n_record_size_test.c ... PASSED        159 tests
Running /home/dchordia/final_awscrt_upstream/deps/s2n-tls/tests/unit/s2n_pem_test.c ... PASSED        175 tests
Running /home/dchordia/final_awscrt_upstream/deps/s2n-tls/tests/unit/s2n_server_early_data_indication_test.c ... PASSED        109 tests
Running /home/dchordia/final_awscrt_upstream/deps/s2n-tls/tests/unit/s2n_quic_support_io_test.c ... PASSED       1512 tests
Running /home/dchordia/final_awscrt_upstream/deps/s2n-tls/tests/unit/s2n_early_data_io_test.c ... PASSED      11013 tests
Running /home/dchordia/final_awscrt_upstream/deps/s2n-tls/tests/unit/s2n_cert_authorities_test.c ... PASSED        121 tests
Running /home/dchordia/final_awscrt_upstream/deps/s2n-tls/tests/unit/s2n_tls12_handshake_test.c ... PASSED      33683 tests
Running /home/dchordia/final_awscrt_upstream/deps/s2n-tls/tests/unit/s2n_stuffer_text_test.c ... PASSED        124 tests
Running /home/dchordia/final_awscrt_upstream/deps/s2n-tls/tests/unit/s2n_mem_testlib_test.c ... PASSED        177 tests
Running /home/dchordia/final_awscrt_upstream/deps/s2n-tls/tests/unit/s2n_self_talk_nonblocking_test.c ... PASSED        581 tests
Running /home/dchordia/final_awscrt_upstream/deps/s2n-tls/tests/unit/s2n_cert_chain_and_key_load_test.c ... PASSED         92 tests
Running /home/dchordia/final_awscrt_upstream/deps/s2n-tls/tests/unit/s2n_extensions_server_key_share_select_test.c ... PASSED          2 tests
Running /home/dchordia/final_awscrt_upstream/deps/s2n-tls/tests/unit/s2n_aes_test.c ... PASSED     307387 tests
Running /home/dchordia/final_awscrt_upstream/deps/s2n-tls/tests/unit/s2n_pq_kem_test.c ... PASSED         71 tests
Running /home/dchordia/final_awscrt_upstream/deps/s2n-tls/tests/unit/s2n_map_iterator_test.c ... PASSED         76 tests
Running /home/dchordia/final_awscrt_upstream/deps/s2n-tls/tests/unit/s2n_self_talk_client_hello_cb_test.c ... PASSED  128926133 tests
Running /home/dchordia/final_awscrt_upstream/deps/s2n-tls/tests/unit/s2n_client_finished_test.c ... PASSED         22 tests
Running /home/dchordia/final_awscrt_upstream/deps/s2n-tls/tests/unit/s2n_extension_list_process_test.c ... PASSED        155 tests
Running /home/dchordia/final_awscrt_upstream/deps/s2n-tls/tests/unit/s2n_self_talk_ktls_test.c ... PASSED          1 tests
Running /home/dchordia/final_awscrt_upstream/deps/s2n-tls/tests/unit/s2n_stuffer_base64_test.c ... PASSED       4355 tests
Running /home/dchordia/final_awscrt_upstream/deps/s2n-tls/tests/unit/s2n_encrypted_extensions_test.c ... PASSED         97 tests
Running /home/dchordia/final_awscrt_upstream/deps/s2n-tls/tests/unit/s2n_connection_size_test.c ... PASSED          1 tests
Running /home/dchordia/final_awscrt_upstream/deps/s2n-tls/tests/unit/s2n_client_key_share_extension_pq_test.c ... PASSED         77 tests
Running /home/dchordia/final_awscrt_upstream/deps/s2n-tls/tests/unit/s2n_server_extensions_test.c ... PASSED        302 tests
Running /home/dchordia/final_awscrt_upstream/deps/s2n-tls/tests/unit/s2n_tls13_cert_verify_test.c ... PASSED        538 tests
Running /home/dchordia/final_awscrt_upstream/deps/s2n-tls/tests/unit/s2n_connection_protocol_versions_test.c ... PASSED       1344 tests
Running /home/dchordia/final_awscrt_upstream/deps/s2n-tls/tests/unit/s2n_connection_test.c ... PASSED     526295 tests
Running /home/dchordia/final_awscrt_upstream/deps/s2n-tls/tests/unit/s2n_connection_context_test.c ... PASSED          9 tests
Running /home/dchordia/final_awscrt_upstream/deps/s2n-tls/tests/unit/s2n_tls13_new_session_ticket_test.c ... PASSED         59 tests
Running /home/dchordia/final_awscrt_upstream/deps/s2n-tls/tests/unit/s2n_self_talk_io_mem_test.c ... PASSED        126 tests
Running /home/dchordia/final_awscrt_upstream/deps/s2n-tls/tests/unit/s2n_ktls_test_utils_test.c ... PASSED     147624 tests
Running /home/dchordia/final_awscrt_upstream/deps/s2n-tls/tests/unit/s2n_post_handshake_send_test.c ... PASSED       3300 tests
Running /home/dchordia/final_awscrt_upstream/deps/s2n-tls/tests/unit/s2n_seccomp_failure_test.c ... PASSED          1 tests
Running /home/dchordia/final_awscrt_upstream/deps/s2n-tls/tests/unit/s2n_self_talk_psk_test.c ... PASSED        233 tests
Running /home/dchordia/final_awscrt_upstream/deps/s2n-tls/tests/unit/s2n_tls13_secrets_test.c ... PASSED       3193 tests
Running /home/dchordia/final_awscrt_upstream/deps/s2n-tls/tests/unit/s2n_fork_generation_number_test.c ... PASSED         18 tests
Running /home/dchordia/final_awscrt_upstream/deps/s2n-tls/tests/unit/s2n_client_key_share_extension_test.c ... PASSED        443 tests
Running /home/dchordia/final_awscrt_upstream/deps/s2n-tls/tests/unit/s2n_client_hello_get_supported_groups_test.c ... PASSED        684 tests
Running /home/dchordia/final_awscrt_upstream/deps/s2n-tls/tests/unit/s2n_server_max_frag_len_extension_test.c ... PASSED         67 tests
Running /home/dchordia/final_awscrt_upstream/deps/s2n-tls/tests/unit/s2n_openssl_x509_test.c ... PASSED        127 tests
Running /home/dchordia/final_awscrt_upstream/deps/s2n-tls/tests/unit/s2n_client_hello_recv_test.c ... PASSED       1128 tests
Running /home/dchordia/final_awscrt_upstream/deps/s2n-tls/tests/unit/s2n_array_test.c ... PASSED       1887 tests
Running /home/dchordia/final_awscrt_upstream/deps/s2n-tls/tests/unit/s2n_tls13_key_schedule_rfc8448_test.c ... PASSED         59 tests
Running /home/dchordia/final_awscrt_upstream/deps/s2n-tls/tests/unit/s2n_self_talk_npn_test.c ... PASSED         67 tests
Running /home/dchordia/final_awscrt_upstream/deps/s2n-tls/tests/unit/s2n_psk_test.c ... PASSED       7082 tests
Running /home/dchordia/final_awscrt_upstream/deps/s2n-tls/tests/unit/s2n_self_talk_broken_pipe_test.c ... PASSED         67 tests
Running /home/dchordia/final_awscrt_upstream/deps/s2n-tls/tests/unit/s2n_locking_test.c ... PASSED          1 tests
Running /home/dchordia/final_awscrt_upstream/deps/s2n-tls/tests/unit/s2n_record_read_test.c ... PASSED        145 tests
Running /home/dchordia/final_awscrt_upstream/deps/s2n-tls/tests/unit/s2n_self_talk_session_id_test.c ... PASSED        159 tests
Running /home/dchordia/final_awscrt_upstream/deps/s2n-tls/tests/unit/s2n_extension_list_parse_test.c ... PASSED        186 tests
Running /home/dchordia/final_awscrt_upstream/deps/s2n-tls/tests/unit/s2n_session_ticket_test.c ... PASSED        748 tests
Running /home/dchordia/final_awscrt_upstream/deps/s2n-tls/tests/unit/s2n_extension_list_send_test.c ... PASSED         51 tests
Running /home/dchordia/final_awscrt_upstream/deps/s2n-tls/tests/unit/s2n_ems_extension_test.c ... PASSED         28 tests
Running /home/dchordia/final_awscrt_upstream/deps/s2n-tls/tests/unit/s2n_tls13_parse_record_type_test.c ... PASSED      98457 tests
Running /home/dchordia/final_awscrt_upstream/deps/s2n-tls/tests/unit/s2n_tls_prf_test.c ... PASSED        133 tests
Running /home/dchordia/final_awscrt_upstream/deps/s2n-tls/tests/unit/s2n_nst_early_data_indication_test.c ... PASSED         38 tests
Running /home/dchordia/final_awscrt_upstream/deps/s2n-tls/tests/unit/s2n_fingerprint_test.c ... PASSED        499 tests
Running /home/dchordia/final_awscrt_upstream/deps/s2n-tls/tests/unit/s2n_error_lookup_test.c ... PASSED        566 tests
Running /home/dchordia/final_awscrt_upstream/deps/s2n-tls/tests/unit/s2n_pkey_test.c ... PASSED       1122 tests
Running /home/dchordia/final_awscrt_upstream/deps/s2n-tls/tests/unit/s2n_client_session_ticket_extension_test.c ... PASSED         74 tests
Running /home/dchordia/final_awscrt_upstream/deps/s2n-tls/tests/unit/s2n_security_policies_rules_test.c ... PASSED        272 tests
Running /home/dchordia/final_awscrt_upstream/deps/s2n-tls/tests/unit/s2n_tls13_handshake_state_machine_test.c ... PASSED      15193 tests
Running /home/dchordia/final_awscrt_upstream/deps/s2n-tls/tests/unit/s2n_sequence_number_test.c ... PASSED         20 tests
Running /home/dchordia/final_awscrt_upstream/deps/s2n-tls/tests/unit/s2n_signature_scheme_test.c ... PASSED      36335 tests
Running /home/dchordia/final_awscrt_upstream/deps/s2n-tls/tests/unit/s2n_server_supported_versions_extension_test.c ... PASSED         54 tests
Running /home/dchordia/final_awscrt_upstream/deps/s2n-tls/tests/unit/s2n_choose_supported_group_test.c ... PASSED        121 tests
Running /home/dchordia/final_awscrt_upstream/deps/s2n-tls/tests/unit/s2n_x509_validator_custom_oids_test.c ... PASSED         12 tests
Running /home/dchordia/final_awscrt_upstream/deps/s2n-tls/tests/unit/s2n_psk_key_exchange_modes_extension_test.c ... PASSED         93 tests
Running /home/dchordia/final_awscrt_upstream/deps/s2n-tls/tests/unit/s2n_handshake_errno_test.c ... PASSED         14 tests
Running /home/dchordia/final_awscrt_upstream/deps/s2n-tls/tests/unit/s2n_connection_preferences_test.c ... PASSED        131 tests
Running /home/dchordia/final_awscrt_upstream/deps/s2n-tls/tests/unit/s2n_map_test.c ... PASSED      65664 tests
Running /home/dchordia/final_awscrt_upstream/deps/s2n-tls/tests/unit/s2n_crl_test.c ... PASSED        403 tests
Running /home/dchordia/final_awscrt_upstream/deps/s2n-tls/tests/unit/s2n_self_talk_alpn_test.c ... PASSED         74 tests
Running /home/dchordia/final_awscrt_upstream/deps/s2n-tls/tests/unit/s2n_post_handshake_recv_test.c ... PASSED     215017 tests
Running /home/dchordia/final_awscrt_upstream/deps/s2n-tls/tests/unit/s2n_ecc_point_format_extension_test.c ... PASSED         31 tests
Running /home/dchordia/final_awscrt_upstream/deps/s2n-tls/tests/unit/s2n_record_write_test.c ... PASSED         21 tests
Running /home/dchordia/final_awscrt_upstream/deps/s2n-tls/tests/unit/s2n_fips_rules_test.c ... PASSED        518 tests
Running /home/dchordia/final_awscrt_upstream/deps/s2n-tls/tests/unit/s2n_client_record_version_test.c ... PASSED         71 tests
Running /home/dchordia/final_awscrt_upstream/deps/s2n-tls/tests/unit/s2n_client_auth_handshake_test.c ... PASSED       1316 tests
Running /home/dchordia/final_awscrt_upstream/deps/s2n-tls/tests/unit/s2n_server_hello_test.c ... PASSED        499 tests
Running /home/dchordia/final_awscrt_upstream/deps/s2n-tls/tests/unit/s2n_client_supported_versions_extension_test.c ... PASSED        215 tests
Running /home/dchordia/final_awscrt_upstream/deps/s2n-tls/tests/unit/s2n_mldsa_test.c ... PASSED          1 tests
Running /home/dchordia/final_awscrt_upstream/deps/s2n-tls/tests/unit/s2n_npn_extension_test.c ... PASSED         92 tests
Running /home/dchordia/final_awscrt_upstream/deps/s2n-tls/tests/unit/s2n_config_test.c ... PASSED       2814 tests
Running /home/dchordia/final_awscrt_upstream/deps/s2n-tls/tests/unit/s2n_mem_test.c ... PASSED         24 tests
Running /home/dchordia/final_awscrt_upstream/deps/s2n-tls/tests/unit/s2n_handshake_type_test.c ... PASSED       2632 tests
Running /home/dchordia/final_awscrt_upstream/deps/s2n-tls/tests/unit/s2n_seccomp_handshake_test.c ... PASSED         33 tests
Running /home/dchordia/final_awscrt_upstream/deps/s2n-tls/tests/unit/s2n_client_hello_retry_test.c ... PASSED        819 tests
Running /home/dchordia/final_awscrt_upstream/deps/s2n-tls/tests/unit/s2n_tls13_cert_request_test.c ... PASSED         35 tests
Running /home/dchordia/final_awscrt_upstream/deps/s2n-tls/tests/unit/s2n_handshake_io_errors_test.c ... PASSED         47 tests
Running /home/dchordia/final_awscrt_upstream/deps/s2n-tls/tests/unit/s2n_send_key_update_test.c ... PASSED         53 tests
Running /home/dchordia/final_awscrt_upstream/deps/s2n-tls/tests/unit/s2n_handshake_io_test.c ... PASSED         13 tests
Running /home/dchordia/final_awscrt_upstream/deps/s2n-tls/tests/unit/s2n_malformed_handshake_test.c ... PASSED         83 tests
Running /home/dchordia/final_awscrt_upstream/deps/s2n-tls/tests/unit/s2n_libcrypto_test.c ... PASSED          1 tests
Running /home/dchordia/final_awscrt_upstream/deps/s2n-tls/tests/unit/s2n_next_protocol_test.c ... PASSED        143 tests
Running /home/dchordia/final_awscrt_upstream/deps/s2n-tls/tests/unit/s2n_stuffer_test.c ... PASSED       1124 tests
Running /home/dchordia/final_awscrt_upstream/deps/s2n-tls/tests/unit/s2n_recv_buffering_test.c ... PASSED       2408 tests
Running /home/dchordia/final_awscrt_upstream/deps/s2n-tls/tests/unit/s2n_recv_test.c ... PASSED      27743 tests
Running /home/dchordia/final_awscrt_upstream/deps/s2n-tls/tests/unit/s2n_fingerprint_ja3_test.c ... PASSED        332 tests
Running /home/dchordia/final_awscrt_upstream/deps/s2n-tls/tests/unit/s2n_handshake_io_early_data_test.c ... PASSED         27 tests
Running /home/dchordia/final_awscrt_upstream/deps/s2n-tls/tests/unit/s2n_tls13_prf_test.c ... PASSED        376 tests
Running /home/dchordia/final_awscrt_upstream/deps/s2n-tls/tests/unit/s2n_server_alpn_extension_test.c ... PASSED         49 tests
Running /home/dchordia/final_awscrt_upstream/deps/s2n-tls/tests/unit/s2n_key_share_extension_test.c ... PASSED         17 tests
Running /home/dchordia/final_awscrt_upstream/deps/s2n-tls/tests/unit/s2n_kem_preferences_test.c ... PASSED         30 tests
Running /home/dchordia/final_awscrt_upstream/deps/s2n-tls/tests/unit/s2n_handshake_hashes_test.c ... PASSED        131 tests
Running /home/dchordia/final_awscrt_upstream/deps/s2n-tls/tests/unit/s2n_ktls_io_sendfile_test.c ... PASSED         17 tests
Running /home/dchordia/final_awscrt_upstream/deps/s2n-tls/tests/unit/s2n_security_policies_test.c ... PASSED       8854 tests
Running /home/dchordia/final_awscrt_upstream/deps/s2n-tls/tests/unit/s2n_handshake_fragment_test.c ... PASSED        422 tests
Running /home/dchordia/final_awscrt_upstream/deps/s2n-tls/tests/unit/s2n_tls13_key_schedule_test.c ... PASSED      11503 tests
Running /home/dchordia/final_awscrt_upstream/deps/s2n-tls/tests/unit/s2n_client_max_frag_len_extension_test.c ... PASSED         62 tests
Running /home/dchordia/final_awscrt_upstream/deps/s2n-tls/tests/unit/s2n_hash_test.c ... PASSED        460 tests
Running /home/dchordia/final_awscrt_upstream/deps/s2n-tls/tests/unit/s2n_client_empty_cert_test.c ... PASSED         45 tests
Running /home/dchordia/final_awscrt_upstream/deps/s2n-tls/tests/unit/s2n_tls13_hybrid_pq_shared_secret_test.c ... PASSED        541 tests
Running /home/dchordia/final_awscrt_upstream/deps/s2n-tls/tests/unit/s2n_cipher_info_test.c ... PASSED        117 tests
Running /home/dchordia/final_awscrt_upstream/deps/s2n-tls/tests/unit/s2n_client_server_name_extension_test.c ... PASSED         96 tests
Running /home/dchordia/final_awscrt_upstream/deps/s2n-tls/tests/unit/s2n_server_cert_request_test.c ... PASSED         48 tests
Running /home/dchordia/final_awscrt_upstream/deps/s2n-tls/tests/unit/s2n_client_cert_status_request_extension_test.c ... PASSED         51 tests
Running /home/dchordia/final_awscrt_upstream/deps/s2n-tls/tests/unit/s2n_auth_selection_test.c ... PASSED        355 tests
Running /home/dchordia/final_awscrt_upstream/deps/s2n-tls/tests/unit/s2n_client_sct_list_extension_test.c ... PASSED         30 tests
Running /home/dchordia/final_awscrt_upstream/deps/s2n-tls/tests/unit/s2n_server_cert_status_request_extension_test.c ... PASSED         12 tests
Running /home/dchordia/final_awscrt_upstream/deps/s2n-tls/tests/unit/s2n_tls_hybrid_prf_test.c ... PASSED          2 tests
Running /home/dchordia/final_awscrt_upstream/deps/s2n-tls/tests/unit/s2n_quic_transport_params_extension_test.c ... PASSED        100 tests
Running /home/dchordia/final_awscrt_upstream/deps/s2n-tls/tests/unit/s2n_tls13_record_aead_test.c ... PASSED        157 tests
Running /home/dchordia/final_awscrt_upstream/deps/s2n-tls/tests/unit/s2n_client_alpn_extension_test.c ... PASSED         46 tests
Running /home/dchordia/final_awscrt_upstream/deps/s2n-tls/tests/unit/s2n_self_talk_shutdown_test.c ... PASSED        186 tests
Running /home/dchordia/final_awscrt_upstream/deps/s2n-tls/tests/unit/s2n_server_finished_test.c ... PASSED         22 tests
Running /home/dchordia/final_awscrt_upstream/deps/s2n-tls/tests/unit/s2n_timer_test.c ... PASSED         15 tests
Running /home/dchordia/final_awscrt_upstream/deps/s2n-tls/tests/unit/s2n_mutual_auth_test.c ... PASSED       2470 tests
Running /home/dchordia/final_awscrt_upstream/deps/s2n-tls/tests/unit/s2n_alerts_test.c ... PASSED        595 tests
Running /home/dchordia/final_awscrt_upstream/deps/s2n-tls/tests/unit/s2n_x509_validator_certificate_signatures_test.c ... PASSED         62 tests
Running /home/dchordia/final_awscrt_upstream/deps/s2n-tls/tests/unit/s2n_server_signature_algorithms_extension_test.c ... PASSED         10 tests
Running /home/dchordia/final_awscrt_upstream/deps/s2n-tls/tests/unit/s2n_pq_mlkem_policies_test.c ... PASSED        335 tests
Running /home/dchordia/final_awscrt_upstream/deps/s2n-tls/tests/unit/s2n_renegotiate_io_test.c ... PASSED        562 tests
Running /home/dchordia/final_awscrt_upstream/deps/s2n-tls/tests/unit/s2n_ktls_io_test.c ... PASSED     394544 tests
Running /home/dchordia/final_awscrt_upstream/deps/s2n-tls/tests/unit/s2n_fingerprint_ja4_test.c ... PASSED        333 tests
Running /home/dchordia/final_awscrt_upstream/deps/s2n-tls/tests/unit/s2n_self_talk_quic_support_test.c ... PASSED         81 tests
Running /home/dchordia/final_awscrt_upstream/deps/s2n-tls/tests/unit/s2n_client_extensions_test.c ... PASSED       5302 tests
Running /home/dchordia/final_awscrt_upstream/deps/s2n-tls/tests/unit/s2n_ssl_prf_test.c ... PASSED        173 tests
Running /home/dchordia/final_awscrt_upstream/deps/s2n-tls/tests/unit/s2n_tls13_support_test.c ... PASSED         70 tests
Running /home/dchordia/final_awscrt_upstream/deps/s2n-tls/tests/unit/s2n_init_test.c ... PASSED         65 tests
Running /home/dchordia/final_awscrt_upstream/deps/s2n-tls/tests/unit/s2n_tls13_compute_shared_secret_test.c ... PASSED         49 tests
Running /home/dchordia/final_awscrt_upstream/deps/s2n-tls/tests/unit/s2n_client_signature_algorithms_extension_test.c ... PASSED         27 tests
Running /home/dchordia/final_awscrt_upstream/deps/s2n-tls/tests/unit/s2n_fips_test.c ... PASSED         11 tests
Running /home/dchordia/final_awscrt_upstream/deps/s2n-tls/tests/unit/s2n_client_key_exchange_test.c ... PASSED      23229 tests
Running /home/dchordia/final_awscrt_upstream/deps/s2n-tls/tests/unit/s2n_connection_serialize_test.c ... PASSED       8533 tests
Running /home/dchordia/final_awscrt_upstream/deps/s2n-tls/tests/unit/s2n_optional_client_auth_test.c ... PASSED        703 tests
Running /home/dchordia/final_awscrt_upstream/deps/s2n-tls/tests/unit/s2n_stream_cipher_null_test.c ... PASSED         19 tests
Running /home/dchordia/final_awscrt_upstream/deps/s2n-tls/tests/unit/s2n_cleanup_with_no_init_test.c ... PASSED          6 tests
Running /home/dchordia/final_awscrt_upstream/deps/s2n-tls/tests/unit/s2n_record_test.c ... PASSED    1027352 tests
Running /home/dchordia/final_awscrt_upstream/deps/s2n-tls/tests/unit/s2n_override_openssl_random_test.c ... PASSED         35 tests
Running /home/dchordia/final_awscrt_upstream/deps/s2n-tls/tests/unit/s2n_cert_chain_and_key_test.c ... PASSED        583 tests
Running /home/dchordia/final_awscrt_upstream/deps/s2n-tls/tests/unit/s2n_self_talk_session_resumption_test.c ... PASSED       3260 tests
Running /home/dchordia/final_awscrt_upstream/deps/s2n-tls/tests/unit/s2n_quic_support_test.c ... PASSED        123 tests
Running /home/dchordia/final_awscrt_upstream/deps/s2n-tls/tests/unit/s2n_cert_validation_callback_test.c ... PASSED        950 tests
Running /home/dchordia/final_awscrt_upstream/deps/s2n-tls/tests/unit/s2n_server_psk_extension_test.c ... PASSED         96 tests
Running /home/dchordia/final_awscrt_upstream/deps/s2n-tls/tests/unit/s2n_server_session_ticket_extension_test.c ... PASSED         30 tests
Running /home/dchordia/final_awscrt_upstream/deps/s2n-tls/tests/unit/s2n_renegotiate_test.c ... PASSED       4712 tests
Running /home/dchordia/final_awscrt_upstream/deps/s2n-tls/tests/unit/s2n_tls13_zero_length_payload_test.c ... PASSED         58 tests
Running /home/dchordia/final_awscrt_upstream/deps/s2n-tls/tests/unit/s2n_self_talk_offload_signing_test.c ... PASSED         73 tests
Running /home/dchordia/final_awscrt_upstream/deps/s2n-tls/tests/unit/s2n_rsa_pss_rsae_test.c ... PASSED        214 tests
Running /home/dchordia/final_awscrt_upstream/deps/s2n-tls/tests/unit/s2n_sslv3_test.c ... PASSED        302 tests
Running /home/dchordia/final_awscrt_upstream/deps/s2n-tls/tests/unit/s2n_crypto_test.c ... PASSED        103 tests
Running /home/dchordia/final_awscrt_upstream/deps/s2n-tls/tests/unit/s2n_client_renegotiation_info_extension_test.c ... PASSED        112 tests
Running /home/dchordia/final_awscrt_upstream/deps/s2n-tls/tests/unit/s2n_stuffer_network_order_test.c ... PASSED     589972 tests
Running /home/dchordia/final_awscrt_upstream/deps/s2n-tls/tests/unit/s2n_self_talk_certificates_test.c ... PASSED        225 tests
Running /home/dchordia/final_awscrt_upstream/deps/s2n-tls/tests/unit/s2n_send_test.c ... PASSED        315 tests
Running /home/dchordia/final_awscrt_upstream/deps/s2n-tls/tests/unit/s2n_security_policy_cert_preferences_test.c ... PASSED         79 tests
Running /home/dchordia/final_awscrt_upstream/deps/s2n-tls/tests/unit/s2n_signature_algorithms_test.c ... PASSED       1113 tests
Running /home/dchordia/final_awscrt_upstream/deps/s2n-tls/tests/unit/s2n_mem_allocator_test.c ... PASSED   42976722 tests
Running /home/dchordia/final_awscrt_upstream/deps/s2n-tls/tests/unit/s2n_stuffer_hex_test.c ... PASSED     265094 tests
Running /home/dchordia/final_awscrt_upstream/deps/s2n-tls/tests/unit/s2n_server_hello_retry_test.c ... PASSED        211 tests
Running /home/dchordia/final_awscrt_upstream/deps/s2n-tls/tests/unit/s2n_ecc_evp_test.c ... PASSED        589 tests
Running /home/dchordia/final_awscrt_upstream/deps/s2n-tls/tests/unit/s2n_tls13_server_finished_test.c ... PASSED        362 tests
Running /home/dchordia/final_awscrt_upstream/deps/s2n-tls/tests/unit/s2n_mem_usage_test.c ... PASSED          3 tests
Running /home/dchordia/final_awscrt_upstream/deps/s2n-tls/tests/unit/s2n_tls13_cert_request_extensions_test.c ... PASSED         16 tests
Running /home/dchordia/final_awscrt_upstream/deps/s2n-tls/tests/unit/s2n_random_test.c ... PASSED      16953 tests
Running /home/dchordia/final_awscrt_upstream/deps/s2n-tls/tests/unit/s2n_error_type_test.c ... PASSED         19 tests
Running /home/dchordia/final_awscrt_upstream/deps/s2n-tls/tests/unit/s2n_server_key_share_extension_test.c ... PASSED        353 tests
Running /home/dchordia/final_awscrt_upstream/deps/s2n-tls/tests/unit/s2n_certificate_parsing_test.c ... PASSED        166 tests
Running /home/dchordia/final_awscrt_upstream/deps/s2n-tls/tests/unit/s2n_tls13_server_cert_test.c ... PASSED         37 tests
Running /home/dchordia/final_awscrt_upstream/deps/s2n-tls/tests/unit/s2n_policy_defaults_test.c ... PASSED     195272 tests
Running /home/dchordia/final_awscrt_upstream/deps/s2n-tls/tests/unit/s2n_self_talk_tls12_test.c ... PASSED   42976728 tests
Running /home/dchordia/final_awscrt_upstream/deps/s2n-tls/tests/unit/s2n_handshake_partial_test.c ... PASSED         74 tests
Running /home/dchordia/final_awscrt_upstream/deps/s2n-tls/tests/unit/s2n_self_talk_custom_io_test.c ... PASSED        295 tests
Running /home/dchordia/final_awscrt_upstream/deps/s2n-tls/tests/unit/s2n_io_test.c ... PASSED        485 tests
Running /home/dchordia/final_awscrt_upstream/deps/s2n-tls/tests/unit/s2n_cert_status_response_extension_test.c ... PASSED         32 tests
Running /home/dchordia/final_awscrt_upstream/deps/s2n-tls/tests/unit/s2n_safety_test.c ... PASSED      66589 tests
Running /home/dchordia/final_awscrt_upstream/deps/s2n-tls/tests/unit/s2n_wildcard_hostname_test.c ... PASSED        148 tests
Running /home/dchordia/final_awscrt_upstream/deps/s2n-tls/tests/unit/s2n_aes_sha_composite_test.c ... PASSED          2 tests
Running /home/dchordia/final_awscrt_upstream/deps/s2n-tls/tests/unit/s2n_examples_test.c ... PASSED         22 tests
Running /home/dchordia/final_awscrt_upstream/deps/s2n-tls/tests/unit/s2n_server_new_session_ticket_test.c ... PASSED        683 tests
Running /home/dchordia/final_awscrt_upstream/deps/s2n-tls/tests/unit/s2n_cert_status_extension_test.c ... PASSED        173 tests
Running /home/dchordia/final_awscrt_upstream/deps/s2n-tls/tests/unit/s2n_ktls_mode_test.c ... PASSED          6 tests
Running /home/dchordia/final_awscrt_upstream/deps/s2n-tls/tests/unit/s2n_pq_mlkem_test.c ... PASSED          1 tests
Running /home/dchordia/final_awscrt_upstream/deps/s2n-tls/tests/unit/s2n_fragmentation_coalescing_test.c ... PASSED         69 tests
Running /home/dchordia/final_awscrt_upstream/deps/s2n-tls/tests/unit/s2n_alerts_protocol_test.c ... PASSED      62634 tests
Running /home/dchordia/final_awscrt_upstream/deps/s2n-tls/tests/unit/s2n_extended_master_secret_test.c ... PASSED        108 tests
Running /home/dchordia/final_awscrt_upstream/deps/s2n-tls/tests/unit/s2n_cipher_suites_test.c ... PASSED     268420 tests
Running /home/dchordia/final_awscrt_upstream/deps/s2n-tls/tests/unit/s2n_build_test.c ... PASSED          1 tests
Running /home/dchordia/final_awscrt_upstream/deps/s2n-tls/tests/unit/s2n_cipher_suite_match_test.c ... PASSED        329 tests
Running /home/dchordia/final_awscrt_upstream/deps/s2n-tls/tests/unit/s2n_key_update_test.c ... PASSED        764 tests
Running /home/dchordia/final_awscrt_upstream/deps/s2n-tls/tests/unit/s2n_send_multirecord_test.c ... PASSED        162 tests
Running /home/dchordia/final_awscrt_upstream/deps/s2n-tls/tests/unit/s2n_safety_macros_test.c ... PASSED        481 tests
Running /home/dchordia/final_awscrt_upstream/deps/s2n-tls/tests/unit/s2n_client_early_data_indication_test.c ... PASSED        210 tests
Running /home/dchordia/final_awscrt_upstream/deps/s2n-tls/tests/unit/s2n_safety_blinding_test.c ... PASSED         84 tests
Running /home/dchordia/final_awscrt_upstream/deps/s2n-tls/tests/unit/s2n_tls13_handshake_test.c ... PASSED        398 tests
Running /home/dchordia/final_awscrt_upstream/deps/s2n-tls/tests/unit/s2n_release_non_empty_buffers_test.c ... PASSED        270 tests
Running /home/dchordia/final_awscrt_upstream/deps/s2n-tls/tests/unit/s2n_client_secure_renegotiation_test.c ... PASSED         62 tests
Running /home/dchordia/final_awscrt_upstream/deps/s2n-tls/tests/unit/s2n_tls13_client_finished_test.c ... PASSED        362 tests
Running /home/dchordia/final_awscrt_upstream/deps/s2n-tls/tests/unit/s2n_server_server_name_extension_test.c ... PASSED         15 tests
Running /home/dchordia/final_awscrt_upstream/deps/s2n-tls/tests/unit/s2n_certificate_test.c ... PASSED        485 tests
Running /home/dchordia/final_awscrt_upstream/deps/s2n-tls/tests/unit/s2n_hkdf_test.c ... PASSED        172 tests
Running /home/dchordia/final_awscrt_upstream/deps/s2n-tls/tests/unit/s2n_aead_aes_test.c ... PASSED   32098262 tests
Running /home/dchordia/final_awscrt_upstream/deps/s2n-tls/tests/unit/s2n_pem_rsa_dhe_test.c ... PASSED         80 tests
Running /home/dchordia/final_awscrt_upstream/deps/s2n-tls/tests/unit/s2n_key_update_threads_test.c ... PASSED          8 tests
Running /home/dchordia/final_awscrt_upstream/deps/s2n-tls/tests/unit/s2n_cbc_test.c ... PASSED        238 tests
Running /home/dchordia/final_awscrt_upstream/deps/s2n-tls/tests/unit/s2n_psk_offered_test.c ... PASSED        252 tests
Running /home/dchordia/final_awscrt_upstream/deps/s2n-tls/tests/unit/s2n_server_sct_list_extension_test.c ... PASSED         45 tests
Running /home/dchordia/final_awscrt_upstream/deps/s2n-tls/tests/unit/s2n_cleanup_test.c ... PASSED         19 tests
Running /home/dchordia/final_awscrt_upstream/deps/s2n-tls/tests/unit/s2n_extension_type_test.c ... PASSED        325 tests
Running /home/dchordia/final_awscrt_upstream/deps/s2n-tls/tests/unit/s2n_tls13_secrets_rfc8448_test.c ... PASSED        130 tests
